<?xml version="1.0" encoding="UTF-8"?>
<robot generator="Robot 4.1.2 (Python 3.8.10 on linux)" generated="20211205 18:10:57.982" rpa="false" schemaversion="2">
<suite id="s1" name="CreateCharacters" source="/home/michael/projetos/marvel-api/CreateCharacters.robot">
<test id="s1-t1" name="Deve cadastrar um personagem">
<kw name="Account And Set Headers">
<arg>xgrind@gmail.com</arg>
<kw name="Create Dictionary" library="BuiltIn">
<var>&amp;{usuario}</var>
<arg>email=${email}</arg>
<doc>Creates and returns a dictionary based on the given ``items``.</doc>
<msg timestamp="20211205 18:11:02.508" level="INFO">&amp;{usuario} = { email=xgrind@gmail.com }</msg>
<status status="PASS" starttime="20211205 18:11:02.478" endtime="20211205 18:11:02.508"/>
</kw>
<kw name="POST" library="RequestsLibrary">
<var>${response}</var>
<arg>http://marvel.qaninja.academy/accounts</arg>
<arg>json=${usuario}</arg>
<doc>Sends a POST request.</doc>
<msg timestamp="20211205 18:11:03.471" level="INFO">POST Request : url=http://marvel.qaninja.academy/accounts 
 path_url=/accounts 
 headers={'User-Agent': 'python-requests/2.22.0', 'Accept-Encoding': 'gzip, deflate', 'Accept': '*/*', 'Connection': 'keep-alive', 'Content-Length': '29', 'Content-Type': 'application/json'} 
 body=b'{"email": "xgrind@gmail.com"}' 
 </msg>
<msg timestamp="20211205 18:11:03.472" level="INFO">POST Response : url=http://marvel.qaninja.academy/accounts 
 status=200, reason=OK 
 headers={'Server': 'Cowboy', 'Connection': 'keep-alive', 'X-Powered-By': 'Express', 'Access-Control-Allow-Origin': '*', 'Content-Type': 'application/json; charset=utf-8', 'Content-Length': '41', 'Etag': 'W/"29-Md/h/wHqR8dZ/xVnC6SV+OMZZMk"', 'Date': 'Sun, 05 Dec 2021 21:11:03 GMT', 'Via': '1.1 vegur'} 
 body={"client_key":"61abd47b642aec00168320b0"} 
 </msg>
<msg timestamp="20211205 18:11:03.473" level="INFO">${response} = &lt;Response [200]&gt;</msg>
<status status="PASS" starttime="20211205 18:11:02.509" endtime="20211205 18:11:03.474"/>
</kw>
<kw name="Set Variable" library="BuiltIn">
<var>${client_key}</var>
<arg>${response.json()}[client_key]</arg>
<doc>Returns the given values which can then be assigned to a variables.</doc>
<msg timestamp="20211205 18:11:03.484" level="INFO">${client_key} = 61abd47b642aec00168320b0</msg>
<status status="PASS" starttime="20211205 18:11:03.476" endtime="20211205 18:11:03.485"/>
</kw>
<kw name="Create Dictionary" library="BuiltIn">
<var>&amp;{HEADERS}</var>
<arg>client_key=${client_key}</arg>
<doc>Creates and returns a dictionary based on the given ``items``.</doc>
<msg timestamp="20211205 18:11:03.492" level="INFO">&amp;{HEADERS} = { client_key=61abd47b642aec00168320b0 }</msg>
<status status="PASS" starttime="20211205 18:11:03.486" endtime="20211205 18:11:03.492"/>
</kw>
<kw name="Set Suite Variable" library="BuiltIn">
<arg>${HEADERS}</arg>
<doc>Makes a variable available everywhere within the scope of the current suite.</doc>
<msg timestamp="20211205 18:11:03.516" level="INFO">${HEADERS} = {'client_key': '61abd47b642aec00168320b0'}</msg>
<status status="PASS" starttime="20211205 18:11:03.495" endtime="20211205 18:11:03.516"/>
</kw>
<status status="PASS" starttime="20211205 18:11:02.475" endtime="20211205 18:11:03.517"/>
</kw>
<kw name="Factory Thanos" library="Thanos">
<var>&amp;{personagem}</var>
<msg timestamp="20211205 18:11:03.529" level="INFO">&amp;{personagem} = { name=Kenneth Medina DDS | aliases=Thanos | age=3000 | team=Ordem Negra | active=False }</msg>
<status status="PASS" starttime="20211205 18:11:03.521" endtime="20211205 18:11:03.529"/>
</kw>
<kw name="POST" library="RequestsLibrary">
<arg>http://marvel.qaninja.academy/characters</arg>
<arg>json=${personagem}</arg>
<arg>headers=${headers}</arg>
<doc>Sends a POST request.</doc>
<msg timestamp="20211205 18:11:04.678" level="INFO">POST Request : url=http://marvel.qaninja.academy/characters 
 path_url=/characters 
 headers={'User-Agent': 'python-requests/2.22.0', 'Accept-Encoding': 'gzip, deflate', 'Accept': '*/*', 'Connection': 'keep-alive', 'client_key': '61abd47b642aec00168320b0', 'Content-Length': '104', 'Content-Type': 'application/json'} 
 body=b'{"name": "Kenneth Medina DDS", "aliases": "Thanos", "age": 3000, "team": "Ordem Negra", "active": false}' 
 </msg>
<msg timestamp="20211205 18:11:04.696" level="INFO">POST Response : url=http://marvel.qaninja.academy/characters 
 status=200, reason=OK 
 headers={'Server': 'Cowboy', 'Connection': 'keep-alive', 'X-Powered-By': 'Express', 'Access-Control-Allow-Origin': '*', 'Content-Type': 'application/json; charset=utf-8', 'Content-Length': '163', 'Etag': 'W/"a3-2Ez/RArhEG3B7SEfSO7+7Ga8O30"', 'Date': 'Sun, 05 Dec 2021 21:11:04 GMT', 'Via': '1.1 vegur'} 
 body={"_id":"61ad2ae88d035500168b75df","name":"Kenneth Medina DDS","age":3000,"aliases":"Thanos","team":"Ordem Negra","active":false,"owner":"61abd47b642aec00168320b0"} 
 </msg>
<status status="PASS" starttime="20211205 18:11:03.533" endtime="20211205 18:11:04.699"/>
</kw>
<status status="PASS" starttime="20211205 18:11:02.459" endtime="20211205 18:11:04.716"/>
</test>
<doc>Suite de Teste do cadastro de personagens na API da Marvel</doc>
<status status="PASS" starttime="20211205 18:10:58.079" endtime="20211205 18:11:04.791"/>
</suite>
<statistics>
<total>
<stat pass="1" fail="0" skip="0">All Tests</stat>
</total>
<tag>
</tag>
<suite>
<stat pass="1" fail="0" skip="0" id="s1" name="CreateCharacters">CreateCharacters</stat>
</suite>
</statistics>
<errors>
</errors>
</robot>
