<?xml version="1.0" encoding="UTF-8"?>
<robot generator="Robot 4.1.2 (Python 3.8.10 on linux)" generated="20211205 18:57:48.505" rpa="false" schemaversion="2">
<suite id="s1" name="CreateCharacters" source="/home/michael/projetos/marvel-api/specs/CreateCharacters.robot">
<test id="s1-t1" name="Deve cadastrar um personagem">
<kw name="Set Client Key" library="Base">
<arg>xgrind@gmail.com</arg>
<kw name="Create Dictionary" library="BuiltIn">
<var>&amp;{usuario}</var>
<arg>email=${email}</arg>
<doc>Creates and returns a dictionary based on the given ``items``.</doc>
<msg timestamp="20211205 18:57:49.846" level="INFO">&amp;{usuario} = { email=xgrind@gmail.com }</msg>
<status status="PASS" starttime="20211205 18:57:49.839" endtime="20211205 18:57:49.846"/>
</kw>
<kw name="POST" library="RequestsLibrary">
<var>${response}</var>
<arg>${BASE_URI}/accounts</arg>
<arg>json=${usuario}</arg>
<doc>Sends a POST request.</doc>
<msg timestamp="20211205 18:57:50.174" level="INFO">POST Request : url=http://marvel.qaninja.academy/accounts 
 path_url=/accounts 
 headers={'User-Agent': 'python-requests/2.22.0', 'Accept-Encoding': 'gzip, deflate', 'Accept': '*/*', 'Connection': 'keep-alive', 'Content-Length': '29', 'Content-Type': 'application/json'} 
 body=b'{"email": "xgrind@gmail.com"}' 
 </msg>
<msg timestamp="20211205 18:57:50.176" level="INFO">POST Response : url=http://marvel.qaninja.academy/accounts 
 status=200, reason=OK 
 headers={'Server': 'Cowboy', 'Connection': 'keep-alive', 'X-Powered-By': 'Express', 'Access-Control-Allow-Origin': '*', 'Content-Type': 'application/json; charset=utf-8', 'Content-Length': '41', 'Etag': 'W/"29-Md/h/wHqR8dZ/xVnC6SV+OMZZMk"', 'Date': 'Sun, 05 Dec 2021 21:57:50 GMT', 'Via': '1.1 vegur'} 
 body={"client_key":"61abd47b642aec00168320b0"} 
 </msg>
<msg timestamp="20211205 18:57:50.177" level="INFO">${response} = &lt;Response [200]&gt;</msg>
<status status="PASS" starttime="20211205 18:57:49.847" endtime="20211205 18:57:50.177"/>
</kw>
<kw name="Set Variable" library="BuiltIn">
<var>${client_key}</var>
<arg>${response.json()}[client_key]</arg>
<doc>Returns the given values which can then be assigned to a variables.</doc>
<msg timestamp="20211205 18:57:50.188" level="INFO">${client_key} = 61abd47b642aec00168320b0</msg>
<status status="PASS" starttime="20211205 18:57:50.178" endtime="20211205 18:57:50.188"/>
</kw>
<kw name="Create Dictionary" library="BuiltIn">
<var>&amp;{HEADERS}</var>
<arg>client_key=${client_key}</arg>
<doc>Creates and returns a dictionary based on the given ``items``.</doc>
<msg timestamp="20211205 18:57:50.195" level="INFO">&amp;{HEADERS} = { client_key=61abd47b642aec00168320b0 }</msg>
<status status="PASS" starttime="20211205 18:57:50.190" endtime="20211205 18:57:50.195"/>
</kw>
<kw name="Set Suite Variable" library="BuiltIn">
<arg>${HEADERS}</arg>
<doc>Makes a variable available everywhere within the scope of the current suite.</doc>
<msg timestamp="20211205 18:57:50.207" level="INFO">${HEADERS} = {'client_key': '61abd47b642aec00168320b0'}</msg>
<status status="PASS" starttime="20211205 18:57:50.197" endtime="20211205 18:57:50.208"/>
</kw>
<status status="PASS" starttime="20211205 18:57:49.836" endtime="20211205 18:57:50.209"/>
</kw>
<kw name="Factory Thanos" library="Thanos">
<var>&amp;{personagem}</var>
<msg timestamp="20211205 18:57:50.240" level="INFO">&amp;{personagem} = { name=Steven Johnson | aliases=Thanos | age=3000 | team=Ordem Negra | active=False }</msg>
<status status="PASS" starttime="20211205 18:57:50.235" endtime="20211205 18:57:50.241"/>
</kw>
<kw name="POST" library="RequestsLibrary">
<arg>${BASE_URI}/characters</arg>
<arg>json=${personagem}</arg>
<arg>headers=${headers}</arg>
<doc>Sends a POST request.</doc>
<msg timestamp="20211205 18:57:50.583" level="INFO">POST Request : url=http://marvel.qaninja.academy/characters 
 path_url=/characters 
 headers={'User-Agent': 'python-requests/2.22.0', 'Accept-Encoding': 'gzip, deflate', 'Accept': '*/*', 'Connection': 'keep-alive', 'client_key': '61abd47b642aec00168320b0', 'Content-Length': '100', 'Content-Type': 'application/json'} 
 body=b'{"name": "Steven Johnson", "aliases": "Thanos", "age": 3000, "team": "Ordem Negra", "active": false}' 
 </msg>
<msg timestamp="20211205 18:57:50.584" level="INFO">POST Response : url=http://marvel.qaninja.academy/characters 
 status=200, reason=OK 
 headers={'Server': 'Cowboy', 'Connection': 'keep-alive', 'X-Powered-By': 'Express', 'Access-Control-Allow-Origin': '*', 'Content-Type': 'application/json; charset=utf-8', 'Content-Length': '159', 'Etag': 'W/"9f-8nYJAuVecBlE3ypnOKSuqzv5V8o"', 'Date': 'Sun, 05 Dec 2021 21:57:50 GMT', 'Via': '1.1 vegur'} 
 body={"_id":"61ad35de8d035500168b7603","name":"Steven Johnson","age":3000,"aliases":"Thanos","team":"Ordem Negra","active":false,"owner":"61abd47b642aec00168320b0"} 
 </msg>
<status status="PASS" starttime="20211205 18:57:50.245" endtime="20211205 18:57:50.584"/>
</kw>
<status status="PASS" starttime="20211205 18:57:49.831" endtime="20211205 18:57:50.592"/>
</test>
<doc>Suite de Teste do cadastro de personagens na API da Marvel</doc>
<status status="PASS" starttime="20211205 18:57:48.512" endtime="20211205 18:57:50.597"/>
</suite>
<statistics>
<total>
<stat pass="1" fail="0" skip="0">All Tests</stat>
</total>
<tag>
</tag>
<suite>
<stat pass="1" fail="0" skip="0" id="s1" name="CreateCharacters">CreateCharacters</stat>
</suite>
</statistics>
<errors>
</errors>
</robot>
